<?xml version="1.0" encoding="UTF-8"?>
<testsuite name="uk.ac.sheffield.com1003.library.TestLibrary" tests="1" skipped="0" failures="0" errors="0" timestamp="2024-03-18T16:16:05" hostname="Sanyas-MacBook-Air.local" time="0.01">
  <properties/>
  <testcase name="Incorrect format in author name" classname="uk.ac.sheffield.com1003.library.TestLibrary" time="0.01"/>
  <system-out><![CDATA[]]></system-out>
  <system-err><![CDATA[]]></system-err>
</testsuite>
